<?xml version="1.0" encoding="UTF-8"?>
<Site BuildName="(empty)"
	BuildStamp="20251007-1009-Experimental"
	Name="skyworld-YAOSHI-Series"
	Generator="ctest-3.22.1"
	CompilerName="/usr/bin/clang++"
	CompilerVersion="14.0.0"
	OSName="Linux"
	Hostname="skyworld-YAOSHI-Series"
	OSRelease="6.8.0-85-generic"
	OSVersion="#85~22.04.1-Ubuntu SMP PREEMPT_DYNAMIC Fri Sep 19 16:18:59 UTC 2"
	OSPlatform="x86_64"
	Is64Bits="1"
	VendorString="GenuineIntel"
	VendorID="Intel Corporation"
	FamilyID="6"
	ModelID="198"
	ProcessorCacheSize="36864"
	NumberOfLogicalCPU="24"
	NumberOfPhysicalCPU="1"
	TotalVirtualMemory="0"
	TotalPhysicalMemory="31547"
	LogicalProcessorsPerPhysical="24"
	ProcessorClockFrequency="5069.08"
	>
	<Testing>
		<StartDateTime>Oct 08 01:26 CST</StartDateTime>
		<StartTestTime>1759857988</StartTestTime>
		<TestList/>
		<EndDateTime>Oct 08 01:26 CST</EndDateTime>
		<EndTestTime>1759857988</EndTestTime>
		<ElapsedMinutes>0</ElapsedMinutes>
	</Testing>
</Site>
